<?xml version="1.0" encoding="UTF-8"?>
<testsuite xmlns:xsi="http://www.w3.org/2001/XMLSchema-instance" xsi:noNamespaceSchemaLocation="https://maven.apache.org/surefire/maven-surefire-plugin/xsd/surefire-test-report-3.0.xsd" version="3.0" name="PracticeProblemTest" time="0.108" tests="14" errors="0" skipped="0" failures="14">
  <properties>
[...]
</properties>
  <testcase name="bubbleSortTest1" classname="PracticeProblemTest" time="0.037">
    <failure message="array contents differ at index [0], expected: &lt;1.0&gt; but was: &lt;3.0&gt;" type="org.opentest4j.AssertionFailedError"><![CDATA[org.opentest4j.AssertionFailedError: array contents differ at index [0], expected: <1.0> but was: <3.0>
	at PracticeProblemTest.bubbleSortTest1(PracticeProblemTest.java:298)
]]></failure>
    <system-err><![CDATA[Apr 03, 2025 2:52:56 AM org.junit.jupiter.engine.descriptor.DisplayNameUtils determineDisplayName
WARNING: Configuration error: @DisplayName on [void PracticeProblemTest.bubbleSortTest1()] must be declared with a non-empty value.
Apr 03, 2025 2:52:56 AM org.junit.jupiter.engine.descriptor.DisplayNameUtils determineDisplayName
WARNING: Configuration error: @DisplayName on [void PracticeProblemTest.bubbleSortTest2()] must be declared with a non-empty value.
Apr 03, 2025 2:52:56 AM org.junit.jupiter.engine.descriptor.DisplayNameUtils determineDisplayName
WARNING: Configuration error: @DisplayName on [void PracticeProblemTest.leastStepsTest1()] must be declared with a non-empty value.
Apr 03, 2025 2:52:56 AM org.junit.jupiter.engine.descriptor.DisplayNameUtils determineDisplayName
WARNING: Configuration error: @DisplayName on [void PracticeProblemTest.leastStepsTest2()] must be declared with a non-empty value.
Apr 03, 2025 2:52:56 AM org.junit.jupiter.engine.descriptor.DisplayNameUtils determineDisplayName
WARNING: Configuration error: @DisplayName on [void PracticeProblemTest.leastStepsTest3()] must be declared with a non-empty value.
Apr 03, 2025 2:52:56 AM org.junit.jupiter.engine.descriptor.DisplayNameUtils determineDisplayName
WARNING: Configuration error: @DisplayName on [void PracticeProblemTest.leastStepsTest4()] must be declared with a non-empty value.
Apr 03, 2025 2:52:56 AM org.junit.jupiter.engine.descriptor.DisplayNameUtils determineDisplayName
WARNING: Configuration error: @DisplayName on [void PracticeProblemTest.leastSwapsTest1()] must be declared with a non-empty value.
Apr 03, 2025 2:52:56 AM org.junit.jupiter.engine.descriptor.DisplayNameUtils determineDisplayName
WARNING: Configuration error: @DisplayName on [void PracticeProblemTest.leastSwapsTest2()] must be declared with a non-empty value.
Apr 03, 2025 2:52:56 AM org.junit.jupiter.engine.descriptor.DisplayNameUtils determineDisplayName
WARNING: Configuration error: @DisplayName on [void PracticeProblemTest.leastSwapsTest3()] must be declared with a non-empty value.
Apr 03, 2025 2:52:56 AM org.junit.jupiter.engine.descriptor.DisplayNameUtils determineDisplayName
WARNING: Configuration error: @DisplayName on [void PracticeProblemTest.leastSwapsTest4()] must be declared with a non-empty value.
Apr 03, 2025 2:52:56 AM org.junit.jupiter.engine.descriptor.DisplayNameUtils determineDisplayName
WARNING: Configuration error: @DisplayName on [void PracticeProblemTest.insertionSortTest1()] must be declared with a non-empty value.
Apr 03, 2025 2:52:56 AM org.junit.jupiter.engine.descriptor.DisplayNameUtils determineDisplayName
WARNING: Configuration error: @DisplayName on [void PracticeProblemTest.insertionSortTest2()] must be declared with a non-empty value.
Apr 03, 2025 2:52:56 AM org.junit.jupiter.engine.descriptor.DisplayNameUtils determineDisplayName
WARNING: Configuration error: @DisplayName on [void PracticeProblemTest.selectionSortTest1()] must be declared with a non-empty value.
Apr 03, 2025 2:52:56 AM org.junit.jupiter.engine.descriptor.DisplayNameUtils determineDisplayName
WARNING: Configuration error: @DisplayName on [void PracticeProblemTest.selectionSortTest2()] must be declared with a non-empty value.
Apr 03, 2025 2:52:56 AM org.junit.jupiter.engine.descriptor.DisplayNameUtils determineDisplayName
WARNING: Configuration error: @DisplayName on [void PracticeProblemTest.bubbleSortTest1()] must be declared with a non-empty value.
Apr 03, 2025 2:52:56 AM org.junit.jupiter.engine.descriptor.DisplayNameUtils determineDisplayName
WARNING: Configuration error: @DisplayName on [void PracticeProblemTest.bubbleSortTest2()] must be declared with a non-empty value.
Apr 03, 2025 2:52:56 AM org.junit.jupiter.engine.descriptor.DisplayNameUtils determineDisplayName
WARNING: Configuration error: @DisplayName on [void PracticeProblemTest.leastStepsTest1()] must be declared with a non-empty value.
Apr 03, 2025 2:52:56 AM org.junit.jupiter.engine.descriptor.DisplayNameUtils determineDisplayName
WARNING: Configuration error: @DisplayName on [void PracticeProblemTest.leastStepsTest2()] must be declared with a non-empty value.
Apr 03, 2025 2:52:56 AM org.junit.jupiter.engine.descriptor.DisplayNameUtils determineDisplayName
WARNING: Configuration error: @DisplayName on [void PracticeProblemTest.leastStepsTest3()] must be declared with a non-empty value.
Apr 03, 2025 2:52:56 AM org.junit.jupiter.engine.descriptor.DisplayNameUtils determineDisplayName
WARNING: Configuration error: @DisplayName on [void PracticeProblemTest.leastStepsTest4()] must be declared with a non-empty value.
Apr 03, 2025 2:52:56 AM org.junit.jupiter.engine.descriptor.DisplayNameUtils determineDisplayName
WARNING: Configuration error: @DisplayName on [void PracticeProblemTest.leastSwapsTest1()] must be declared with a non-empty value.
Apr 03, 2025 2:52:56 AM org.junit.jupiter.engine.descriptor.DisplayNameUtils determineDisplayName
WARNING: Configuration error: @DisplayName on [void PracticeProblemTest.leastSwapsTest2()] must be declared with a non-empty value.
Apr 03, 2025 2:52:56 AM org.junit.jupiter.engine.descriptor.DisplayNameUtils determineDisplayName
WARNING: Configuration error: @DisplayName on [void PracticeProblemTest.leastSwapsTest3()] must be declared with a non-empty value.
Apr 03, 2025 2:52:56 AM org.junit.jupiter.engine.descriptor.DisplayNameUtils determineDisplayName
WARNING: Configuration error: @DisplayName on [void PracticeProblemTest.leastSwapsTest4()] must be declared with a non-empty value.
Apr 03, 2025 2:52:56 AM org.junit.jupiter.engine.descriptor.DisplayNameUtils determineDisplayName
WARNING: Configuration error: @DisplayName on [void PracticeProblemTest.insertionSortTest1()] must be declared with a non-empty value.
Apr 03, 2025 2:52:56 AM org.junit.jupiter.engine.descriptor.DisplayNameUtils determineDisplayName
WARNING: Configuration error: @DisplayName on [void PracticeProblemTest.insertionSortTest2()] must be declared with a non-empty value.
Apr 03, 2025 2:52:56 AM org.junit.jupiter.engine.descriptor.DisplayNameUtils determineDisplayName
WARNING: Configuration error: @DisplayName on [void PracticeProblemTest.selectionSortTest1()] must be declared with a non-empty value.
Apr 03, 2025 2:52:56 AM org.junit.jupiter.engine.descriptor.DisplayNameUtils determineDisplayName
WARNING: Configuration error: @DisplayName on [void PracticeProblemTest.selectionSortTest2()] must be declared with a non-empty value.
]]></system-err>
  </testcase>
  <testcase name="bubbleSortTest2" classname="PracticeProblemTest" time="0">
    <failure message="array contents differ at index [0], expected: &lt;42&gt; but was: &lt;17&gt;" type="org.opentest4j.AssertionFailedError"><![CDATA[org.opentest4j.AssertionFailedError: array contents differ at index [0], expected: <42> but was: <17>
	at PracticeProblemTest.bubbleSortTest2(PracticeProblemTest.java:108)
]]></failure>
  </testcase>
  <testcase name="leastStepsTest1" classname="PracticeProblemTest" time="0.002">
    <failure message="Method does not exist" type="org.opentest4j.AssertionFailedError">org.opentest4j.AssertionFailedError: Method does not exist
	at PracticeProblemTest.leastStepsTest1(PracticeProblemTest.java:218)
</failure>
  </testcase>
  <testcase name="leastStepsTest2" classname="PracticeProblemTest" time="0.002">
    <failure message="Method does not exist" type="org.opentest4j.AssertionFailedError">org.opentest4j.AssertionFailedError: Method does not exist
	at PracticeProblemTest.leastStepsTest2(PracticeProblemTest.java:239)
</failure>
  </testcase>
  <testcase name="leastStepsTest3" classname="PracticeProblemTest" time="0.001">
    <failure message="Method does not exist" type="org.opentest4j.AssertionFailedError">org.opentest4j.AssertionFailedError: Method does not exist
	at PracticeProblemTest.leastStepsTest3(PracticeProblemTest.java:260)
</failure>
  </testcase>
  <testcase name="leastStepsTest4" classname="PracticeProblemTest" time="0.006">
    <failure message="Method does not exist" type="org.opentest4j.AssertionFailedError">org.opentest4j.AssertionFailedError: Method does not exist
	at PracticeProblemTest.leastStepsTest4(PracticeProblemTest.java:281)
</failure>
  </testcase>
  <testcase name="leastSwapsTest1" classname="PracticeProblemTest" time="0.001">
    <failure message="Method does not exist" type="org.opentest4j.AssertionFailedError">org.opentest4j.AssertionFailedError: Method does not exist
	at PracticeProblemTest.leastSwapsTest1(PracticeProblemTest.java:134)
</failure>
  </testcase>
  <testcase name="leastSwapsTest2" classname="PracticeProblemTest" time="0.001">
    <failure message="Method does not exist" type="org.opentest4j.AssertionFailedError">org.opentest4j.AssertionFailedError: Method does not exist
	at PracticeProblemTest.leastSwapsTest2(PracticeProblemTest.java:155)
</failure>
  </testcase>
  <testcase name="leastSwapsTest3" classname="PracticeProblemTest" time="0.005">
    <failure message="Method does not exist" type="org.opentest4j.AssertionFailedError">org.opentest4j.AssertionFailedError: Method does not exist
	at PracticeProblemTest.leastSwapsTest3(PracticeProblemTest.java:176)
</failure>
  </testcase>
  <testcase name="leastSwapsTest4" classname="PracticeProblemTest" time="0.001">
    <failure message="Method does not exist" type="org.opentest4j.AssertionFailedError">org.opentest4j.AssertionFailedError: Method does not exist
	at PracticeProblemTest.leastSwapsTest4(PracticeProblemTest.java:197)
</failure>
  </testcase>
  <testcase name="insertionSortTest1" classname="PracticeProblemTest" time="0.001">
    <failure message="Method does not exist" type="org.opentest4j.AssertionFailedError">org.opentest4j.AssertionFailedError: Method does not exist
	at PracticeProblemTest.insertionSortTest1(PracticeProblemTest.java:22)
</failure>
  </testcase>
  <testcase name="insertionSortTest2" classname="PracticeProblemTest" time="0.002">
    <failure message="Method does not exist" type="org.opentest4j.AssertionFailedError">org.opentest4j.AssertionFailedError: Method does not exist
	at PracticeProblemTest.insertionSortTest2(PracticeProblemTest.java:45)
</failure>
  </testcase>
  <testcase name="selectionSortTest1" classname="PracticeProblemTest" time="0.006">
    <failure message="array contents differ at index [0], expected: &lt;1.0&gt; but was: &lt;155.2&gt;" type="org.opentest4j.AssertionFailedError"><![CDATA[org.opentest4j.AssertionFailedError: array contents differ at index [0], expected: <1.0> but was: <155.2>
	at PracticeProblemTest.selectionSortTest1(PracticeProblemTest.java:62)
]]></failure>
  </testcase>
  <testcase name="selectionSortTest2" classname="PracticeProblemTest" time="0.002">
    <failure message="array contents differ at index [0], expected: &lt;32&gt; but was: &lt;1&gt;" type="org.opentest4j.AssertionFailedError"><![CDATA[org.opentest4j.AssertionFailedError: array contents differ at index [0], expected: <32> but was: <1>
	at PracticeProblemTest.selectionSortTest2(PracticeProblemTest.java:85)
]]></failure>
  </testcase>
</testsuite>